D:\GAMELIB\SRC\NONFREE\BAKUDANBITOFINAL\DEBUG\BAKUDANBITOFINAL.EXE.EMBED.MANIFEST
D:\GAMELIB\SRC\NONFREE\BAKUDANBITOFINAL\DEBUG\BAKUDANBITOFINAL.EXE.EMBED.MANIFEST.RES
D:\GAMELIB\SRC\NONFREE\BAKUDANBITOFINAL\DEBUG\BAKUDANBITOFINAL.EXE.INTERMEDIATE.MANIFEST
D:\GameLib\src\NonFree\BakudanBitoFinal\Debug\BakudanBitoFinal.vcxprojResolveAssemblyReference.cache
D:\GameLib\src\NonFree\BakudanBitoFinal\Debug\BakudanBitoFinal.write.1.tlog
D:\GameLib\src\NonFree\BakudanBitoFinal\Debug\BakudanBitoFinal_manifest.rc
D:\GameLib\src\NonFree\BakudanBitoFinal\Debug\cl.command.1.tlog
D:\GameLib\src\NonFree\BakudanBitoFinal\Debug\CL.read.1.tlog
D:\GameLib\src\NonFree\BakudanBitoFinal\Debug\CL.write.1.tlog
D:\GAMELIB\SRC\NONFREE\BAKUDANBITOFINAL\DEBUG\CLEAR.OBJ
D:\GAMELIB\SRC\NONFREE\BAKUDANBITOFINAL\DEBUG\DYNAMICOBJECT.OBJ
D:\GAMELIB\SRC\NONFREE\BAKUDANBITOFINAL\DEBUG\ENDING.OBJ
D:\GAMELIB\SRC\NONFREE\BAKUDANBITOFINAL\DEBUG\FAILURE.OBJ
D:\GAMELIB\SRC\NONFREE\BAKUDANBITOFINAL\DEBUG\FILE.OBJ
D:\GAMELIB\SRC\NONFREE\BAKUDANBITOFINAL\DEBUG\GAMEOVER.OBJ
D:\GAMELIB\SRC\NONFREE\BAKUDANBITOFINAL\DEBUG\IMAGE.OBJ
D:\GAMELIB\SRC\NONFREE\BAKUDANBITOFINAL\DEBUG\JUDGE.OBJ
D:\GameLib\src\NonFree\BakudanBitoFinal\Debug\link.5100.read.1.tlog
D:\GameLib\src\NonFree\BakudanBitoFinal\Debug\link.5100.write.1.tlog
D:\GameLib\src\NonFree\BakudanBitoFinal\Debug\link.5100-cvtres.read.1.tlog
D:\GameLib\src\NonFree\BakudanBitoFinal\Debug\link.5100-cvtres.write.1.tlog
D:\GameLib\src\NonFree\BakudanBitoFinal\Debug\link.command.1.tlog
D:\GameLib\src\NonFree\BakudanBitoFinal\Debug\link.read.1.tlog
D:\GameLib\src\NonFree\BakudanBitoFinal\Debug\link.write.1.tlog
D:\GameLib\src\NonFree\BakudanBitoFinal\Debug\link-cvtres.read.1.tlog
D:\GameLib\src\NonFree\BakudanBitoFinal\Debug\link-cvtres.write.1.tlog
D:\GAMELIB\SRC\NONFREE\BAKUDANBITOFINAL\DEBUG\MAIN.OBJ
D:\GAMELIB\SRC\NONFREE\BAKUDANBITOFINAL\DEBUG\MATRIX23.OBJ
D:\GameLib\src\NonFree\BakudanBitoFinal\Debug\mt.command.1.tlog
D:\GameLib\src\NonFree\BakudanBitoFinal\Debug\mt.read.1.tlog
D:\GameLib\src\NonFree\BakudanBitoFinal\Debug\mt.write.1.tlog
D:\GAMELIB\SRC\NONFREE\BAKUDANBITOFINAL\DEBUG\PAD.OBJ
D:\GAMELIB\SRC\NONFREE\BAKUDANBITOFINAL\DEBUG\PARENT.OBJ
D:\GAMELIB\SRC\NONFREE\BAKUDANBITOFINAL\DEBUG\PARENT1.OBJ
D:\GAMELIB\SRC\NONFREE\BAKUDANBITOFINAL\DEBUG\PAUSE.OBJ
D:\GAMELIB\SRC\NONFREE\BAKUDANBITOFINAL\DEBUG\PLAY.OBJ
D:\GameLib\src\NonFree\BakudanBitoFinal\Debug\rc.command.1.tlog
D:\GameLib\src\NonFree\BakudanBitoFinal\Debug\rc.read.1.tlog
D:\GameLib\src\NonFree\BakudanBitoFinal\Debug\rc.write.1.tlog
D:\GAMELIB\SRC\NONFREE\BAKUDANBITOFINAL\DEBUG\READY.OBJ
D:\GAMELIB\SRC\NONFREE\BAKUDANBITOFINAL\DEBUG\SOUNDMANAGER.OBJ
D:\GAMELIB\SRC\NONFREE\BAKUDANBITOFINAL\DEBUG\STATE.OBJ
D:\GAMELIB\SRC\NONFREE\BAKUDANBITOFINAL\DEBUG\STATICOBJECT.OBJ
D:\GAMELIB\SRC\NONFREE\BAKUDANBITOFINAL\DEBUG\TITLE.OBJ
D:\GameLib\src\NonFree\BakudanBitoFinal\Debug\vc100.idb
D:\GAMELIB\SRC\NONFREE\BAKUDANBITOFINAL\DEBUG\VC100.PDB
D:\GAMELIB\SRC\NONFREE\BAKUDANBITOFINAL\DEBUG\VECTOR2.OBJ
D:\GAMELIB\SRC\NONFREE\DEBUG\BAKUDANBITOFINAL.EXE
D:\GAMELIB\SRC\NONFREE\DEBUG\BAKUDANBITOFINAL.ILK
D:\GAMELIB\SRC\NONFREE\DEBUG\BAKUDANBITOFINAL.PDB
