빌드 시작: 2014-12-13 오후 4:35:40
     1>2 노드의 "C:\Users\LENOVO\Documents\GitHub\The-Levers\BakudanBitoFinal_J\BakudanBitoFinal.vcxproj" 프로젝트(build 대상)입니다.
     1>InitializeBuildStatus:
         "AlwaysCreate"이(가) 지정되었기 때문에 "Debug\BakudanBitoFinal.unsuccessfulbuild"을(를) 만들고 있습니다.
       ClCompile:
         c:\Program Files (x86)\Microsoft Visual Studio 10.0\VC\bin\CL.exe /c /IC:\Users\LENOVO\Documents\GameLib2010\GameLib\3DGraphics1\include /I"C:\Users\LENOVO\Documents\GitHub\The-Levers\BakudanBitoFinal_J\\" /ZI /nologo /W4 /WX- /Od /Oy- /D WIN32 /D _DEBUG /D _WINDOWS /D _UNICODE /D UNICODE /Gm /EHsc /RTC1 /MTd /GS /fp:precise /Zc:wchar_t /Zc:forScope /Fo"Debug\\" /Fd"Debug\vc100.pdb" /Gd /TP /analyze- /errorReport:prompt Game\DynamicObject.cpp Game\State.cpp Game\StaticObject.cpp Sequence\Ending.cpp Sequence\GameOver.cpp Sequence\Parent.cpp Sequence\Title.cpp Sequence\Game\Clear.cpp Sequence\Game\Failure.cpp Sequence\Game\Judge.cpp Sequence\Game\Pause.cpp Sequence\Game\Play.cpp Sequence\Game\Ready.cpp File.cpp Image.cpp main.cpp Matrix23.cpp Pad.cpp SoundManager.cpp Vector2.cpp
         Vector2.cpp
         SoundManager.cpp
     1>c:\users\lenovo\documents\gamelib2010\gamelib\3dgraphics1\include\gamelib\sound\wave.h : warning C4819: 현재 코드 페이지(949)에서 표시할 수 없는 문자가 파일에 들어 있습니다. 데이터가 손실되지 않게 하려면 해당 파일을 유니코드 형식으로 저장하십시오.
     1>c:\users\lenovo\documents\gamelib2010\gamelib\3dgraphics1\include\gamelib\sound\player.h : warning C4819: 현재 코드 페이지(949)에서 표시할 수 없는 문자가 파일에 들어 있습니다. 데이터가 손실되지 않게 하려면 해당 파일을 유니코드 형식으로 저장하십시오.
     1>c:\users\lenovo\documents\gamelib2010\gamelib\3dgraphics1\include\gamelib\gamelib.h : warning C4819: 현재 코드 페이지(949)에서 표시할 수 없는 문자가 파일에 들어 있습니다. 데이터가 손실되지 않게 하려면 해당 파일을 유니코드 형식으로 저장하십시오.
     1>c:\users\lenovo\documents\gamelib2010\gamelib\3dgraphics1\include\gamelib\sound\wave.h : warning C4819: 현재 코드 페이지(949)에서 표시할 수 없는 문자가 파일에 들어 있습니다. 데이터가 손실되지 않게 하려면 해당 파일을 유니코드 형식으로 저장하십시오.
     1>c:\users\lenovo\documents\gamelib2010\gamelib\3dgraphics1\include\gamelib\sound\player.h : warning C4819: 현재 코드 페이지(949)에서 표시할 수 없는 문자가 파일에 들어 있습니다. 데이터가 손실되지 않게 하려면 해당 파일을 유니코드 형식으로 저장하십시오.
         Pad.cpp
     1>c:\users\lenovo\documents\gamelib2010\gamelib\3dgraphics1\include\gamelib\gamelib.h : warning C4819: 현재 코드 페이지(949)에서 표시할 수 없는 문자가 파일에 들어 있습니다. 데이터가 손실되지 않게 하려면 해당 파일을 유니코드 형식으로 저장하십시오.
     1>c:\users\lenovo\documents\gamelib2010\gamelib\3dgraphics1\include\gamelib\input\keyboard.h : warning C4819: 현재 코드 페이지(949)에서 표시할 수 없는 문자가 파일에 들어 있습니다. 데이터가 손실되지 않게 하려면 해당 파일을 유니코드 형식으로 저장하십시오.
         Matrix23.cpp
     1>c:\users\lenovo\documents\gamelib2010\gamelib\3dgraphics1\include\gamelib\gamelib.h : warning C4819: 현재 코드 페이지(949)에서 표시할 수 없는 문자가 파일에 들어 있습니다. 데이터가 손실되지 않게 하려면 해당 파일을 유니코드 형식으로 저장하십시오.
         main.cpp
     1>c:\users\lenovo\documents\gamelib2010\gamelib\3dgraphics1\include\gamelib\framework.h : warning C4819: 현재 코드 페이지(949)에서 표시할 수 없는 문자가 파일에 들어 있습니다. 데이터가 손실되지 않게 하려면 해당 파일을 유니코드 형식으로 저장하십시오.
     1>c:\users\lenovo\documents\gamelib2010\gamelib\3dgraphics1\include\gamelib\gamelib.h : warning C4819: 현재 코드 페이지(949)에서 표시할 수 없는 문자가 파일에 들어 있습니다. 데이터가 손실되지 않게 하려면 해당 파일을 유니코드 형식으로 저장하십시오.
         Image.cpp
     1>c:\users\lenovo\documents\gamelib2010\gamelib\3dgraphics1\include\gamelib\framework.h : warning C4819: 현재 코드 페이지(949)에서 표시할 수 없는 문자가 파일에 들어 있습니다. 데이터가 손실되지 않게 하려면 해당 파일을 유니코드 형식으로 저장하십시오.
     1>c:\users\lenovo\documents\gamelib2010\gamelib\3dgraphics1\include\gamelib\gamelib.h : warning C4819: 현재 코드 페이지(949)에서 표시할 수 없는 문자가 파일에 들어 있습니다. 데이터가 손실되지 않게 하려면 해당 파일을 유니코드 형식으로 저장하십시오.
         File.cpp
     1>c:\users\lenovo\documents\gamelib2010\gamelib\3dgraphics1\include\gamelib\gamelib.h : warning C4819: 현재 코드 페이지(949)에서 표시할 수 없는 문자가 파일에 들어 있습니다. 데이터가 손실되지 않게 하려면 해당 파일을 유니코드 형식으로 저장하십시오.
         Ready.cpp
     1>c:\users\lenovo\documents\gamelib2010\gamelib\3dgraphics1\include\gamelib\gamelib.h : warning C4819: 현재 코드 페이지(949)에서 표시할 수 없는 문자가 파일에 들어 있습니다. 데이터가 손실되지 않게 하려면 해당 파일을 유니코드 형식으로 저장하십시오.
         Play.cpp
     1>c:\users\lenovo\documents\gamelib2010\gamelib\3dgraphics1\include\gamelib\gamelib.h : warning C4819: 현재 코드 페이지(949)에서 표시할 수 없는 문자가 파일에 들어 있습니다. 데이터가 손실되지 않게 하려면 해당 파일을 유니코드 형식으로 저장하십시오.
     1>c:\users\lenovo\documents\gamelib2010\gamelib\3dgraphics1\include\gamelib\input\keyboard.h : warning C4819: 현재 코드 페이지(949)에서 표시할 수 없는 문자가 파일에 들어 있습니다. 데이터가 손실되지 않게 하려면 해당 파일을 유니코드 형식으로 저장하십시오.
     1>c:\users\lenovo\documents\github\the-levers\bakudanbitofinal_j\array2d.h : warning C4819: 현재 코드 페이지(949)에서 표시할 수 없는 문자가 파일에 들어 있습니다. 데이터가 손실되지 않게 하려면 해당 파일을 유니코드 형식으로 저장하십시오.
     1>c:\users\lenovo\documents\gamelib2010\gamelib\3dgraphics1\include\gamelib\sound\wave.h : warning C4819: 현재 코드 페이지(949)에서 표시할 수 없는 문자가 파일에 들어 있습니다. 데이터가 손실되지 않게 하려면 해당 파일을 유니코드 형식으로 저장하십시오.
     1>c:\users\lenovo\documents\gamelib2010\gamelib\3dgraphics1\include\gamelib\sound\player.h : warning C4819: 현재 코드 페이지(949)에서 표시할 수 없는 문자가 파일에 들어 있습니다. 데이터가 손실되지 않게 하려면 해당 파일을 유니코드 형식으로 저장하십시오.
     1>c:\users\lenovo\documents\github\the-levers\bakudanbitofinal_j\sequence\game\play.cpp(32): error C2039: 'isAlive' : 'State'의 멤버가 아닙니다.
                 c:\users\lenovo\documents\github\the-levers\bakudanbitofinal_j\game\state.h(10) : 'State' 선언을 참조하십시오.
     1>c:\users\lenovo\documents\github\the-levers\bakudanbitofinal_j\sequence\game\play.cpp(33): error C2039: 'isAlive' : 'State'의 멤버가 아닙니다.
                 c:\users\lenovo\documents\github\the-levers\bakudanbitofinal_j\game\state.h(10) : 'State' 선언을 참조하십시오.
         Pause.cpp
     1>c:\users\lenovo\documents\gamelib2010\gamelib\3dgraphics1\include\gamelib\gamelib.h : warning C4819: 현재 코드 페이지(949)에서 표시할 수 없는 문자가 파일에 들어 있습니다. 데이터가 손실되지 않게 하려면 해당 파일을 유니코드 형식으로 저장하십시오.
     1>c:\users\lenovo\documents\gamelib2010\gamelib\3dgraphics1\include\gamelib\sound\wave.h : warning C4819: 현재 코드 페이지(949)에서 표시할 수 없는 문자가 파일에 들어 있습니다. 데이터가 손실되지 않게 하려면 해당 파일을 유니코드 형식으로 저장하십시오.
     1>c:\users\lenovo\documents\gamelib2010\gamelib\3dgraphics1\include\gamelib\sound\player.h : warning C4819: 현재 코드 페이지(949)에서 표시할 수 없는 문자가 파일에 들어 있습니다. 데이터가 손실되지 않게 하려면 해당 파일을 유니코드 형식으로 저장하십시오.
         Judge.cpp
     1>c:\users\lenovo\documents\gamelib2010\gamelib\3dgraphics1\include\gamelib\gamelib.h : warning C4819: 현재 코드 페이지(949)에서 표시할 수 없는 문자가 파일에 들어 있습니다. 데이터가 손실되지 않게 하려면 해당 파일을 유니코드 형식으로 저장하십시오.
         Failure.cpp
     1>c:\users\lenovo\documents\github\the-levers\bakudanbitofinal_j\sequence\game\failure.cpp : warning C4819: 현재 코드 페이지(949)에서 표시할 수 없는 문자가 파일에 들어 있습니다. 데이터가 손실되지 않게 하려면 해당 파일을 유니코드 형식으로 저장하십시오.
     1>c:\users\lenovo\documents\gamelib2010\gamelib\3dgraphics1\include\gamelib\gamelib.h : warning C4819: 현재 코드 페이지(949)에서 표시할 수 없는 문자가 파일에 들어 있습니다. 데이터가 손실되지 않게 하려면 해당 파일을 유니코드 형식으로 저장하십시오.
         Clear.cpp
     1>c:\users\lenovo\documents\gamelib2010\gamelib\3dgraphics1\include\gamelib\gamelib.h : warning C4819: 현재 코드 페이지(949)에서 표시할 수 없는 문자가 파일에 들어 있습니다. 데이터가 손실되지 않게 하려면 해당 파일을 유니코드 형식으로 저장하십시오.
         Title.cpp
     1>c:\users\lenovo\documents\gamelib2010\gamelib\3dgraphics1\include\gamelib\gamelib.h : warning C4819: 현재 코드 페이지(949)에서 표시할 수 없는 문자가 파일에 들어 있습니다. 데이터가 손실되지 않게 하려면 해당 파일을 유니코드 형식으로 저장하십시오.
     1>c:\users\lenovo\documents\gamelib2010\gamelib\3dgraphics1\include\gamelib\sound\wave.h : warning C4819: 현재 코드 페이지(949)에서 표시할 수 없는 문자가 파일에 들어 있습니다. 데이터가 손실되지 않게 하려면 해당 파일을 유니코드 형식으로 저장하십시오.
     1>c:\users\lenovo\documents\gamelib2010\gamelib\3dgraphics1\include\gamelib\sound\player.h : warning C4819: 현재 코드 페이지(949)에서 표시할 수 없는 문자가 파일에 들어 있습니다. 데이터가 손실되지 않게 하려면 해당 파일을 유니코드 형식으로 저장하십시오.
         Parent.cpp
     1>c:\users\lenovo\documents\gamelib2010\gamelib\3dgraphics1\include\gamelib\gamelib.h : warning C4819: 현재 코드 페이지(949)에서 표시할 수 없는 문자가 파일에 들어 있습니다. 데이터가 손실되지 않게 하려면 해당 파일을 유니코드 형식으로 저장하십시오.
     1>c:\users\lenovo\documents\gamelib2010\gamelib\3dgraphics1\include\gamelib\sound\wave.h : warning C4819: 현재 코드 페이지(949)에서 표시할 수 없는 문자가 파일에 들어 있습니다. 데이터가 손실되지 않게 하려면 해당 파일을 유니코드 형식으로 저장하십시오.
     1>c:\users\lenovo\documents\gamelib2010\gamelib\3dgraphics1\include\gamelib\sound\player.h : warning C4819: 현재 코드 페이지(949)에서 표시할 수 없는 문자가 파일에 들어 있습니다. 데이터가 손실되지 않게 하려면 해당 파일을 유니코드 형식으로 저장하십시오.
         GameOver.cpp
     1>c:\users\lenovo\documents\gamelib2010\gamelib\3dgraphics1\include\gamelib\gamelib.h : warning C4819: 현재 코드 페이지(949)에서 표시할 수 없는 문자가 파일에 들어 있습니다. 데이터가 손실되지 않게 하려면 해당 파일을 유니코드 형식으로 저장하십시오.
         Ending.cpp
     1>c:\users\lenovo\documents\github\the-levers\bakudanbitofinal_j\sequence\ending.cpp : warning C4819: 현재 코드 페이지(949)에서 표시할 수 없는 문자가 파일에 들어 있습니다. 데이터가 손실되지 않게 하려면 해당 파일을 유니코드 형식으로 저장하십시오.
     1>c:\users\lenovo\documents\gamelib2010\gamelib\3dgraphics1\include\gamelib\gamelib.h : warning C4819: 현재 코드 페이지(949)에서 표시할 수 없는 문자가 파일에 들어 있습니다. 데이터가 손실되지 않게 하려면 해당 파일을 유니코드 형식으로 저장하십시오.
         StaticObject.cpp
     1>c:\users\lenovo\documents\gamelib2010\gamelib\3dgraphics1\include\gamelib\gamelib.h : warning C4819: 현재 코드 페이지(949)에서 표시할 수 없는 문자가 파일에 들어 있습니다. 데이터가 손실되지 않게 하려면 해당 파일을 유니코드 형식으로 저장하십시오.
         State.cpp
     1>c:\users\lenovo\documents\gamelib2010\gamelib\3dgraphics1\include\gamelib\framework.h : warning C4819: 현재 코드 페이지(949)에서 표시할 수 없는 문자가 파일에 들어 있습니다. 데이터가 손실되지 않게 하려면 해당 파일을 유니코드 형식으로 저장하십시오.
     1>c:\users\lenovo\documents\gamelib2010\gamelib\3dgraphics1\include\gamelib\gamelib.h : warning C4819: 현재 코드 페이지(949)에서 표시할 수 없는 문자가 파일에 들어 있습니다. 데이터가 손실되지 않게 하려면 해당 파일을 유니코드 형식으로 저장하십시오.
     1>c:\users\lenovo\documents\github\the-levers\bakudanbitofinal_j\array2d.h : warning C4819: 현재 코드 페이지(949)에서 표시할 수 없는 문자가 파일에 들어 있습니다. 데이터가 손실되지 않게 하려면 해당 파일을 유니코드 형식으로 저장하십시오.
     1>c:\users\lenovo\documents\gamelib2010\gamelib\3dgraphics1\include\gamelib\sound\wave.h : warning C4819: 현재 코드 페이지(949)에서 표시할 수 없는 문자가 파일에 들어 있습니다. 데이터가 손실되지 않게 하려면 해당 파일을 유니코드 형식으로 저장하십시오.
     1>c:\users\lenovo\documents\gamelib2010\gamelib\3dgraphics1\include\gamelib\sound\player.h : warning C4819: 현재 코드 페이지(949)에서 표시할 수 없는 문자가 파일에 들어 있습니다. 데이터가 손실되지 않게 하려면 해당 파일을 유니코드 형식으로 저장하십시오.
     1>c:\users\lenovo\documents\github\the-levers\bakudanbitofinal_j\game\state.cpp(52): warning C4804: '<' : 연산에 'bool' 형식을 사용하는 것은 안전하지 않습니다.
     1>c:\users\lenovo\documents\github\the-levers\bakudanbitofinal_j\game\state.cpp(73): error C2039: 'mBrickRate' : '`anonymous-namespace'::StageData'의 멤버가 아닙니다.
                 c:\users\lenovo\documents\github\the-levers\bakudanbitofinal_j\game\state.cpp(18) : '`anonymous-namespace'::StageData' 선언을 참조하십시오.
     1>c:\users\lenovo\documents\github\the-levers\bakudanbitofinal_j\game\state.cpp(74): error C2039: 'FLAG_BRICK' : 'StaticObject'의 멤버가 아닙니다.
                 c:\users\lenovo\documents\github\the-levers\bakudanbitofinal_j\game\staticobject.h(7) : 'StaticObject' 선언을 참조하십시오.
     1>c:\users\lenovo\documents\github\the-levers\bakudanbitofinal_j\game\state.cpp(74): error C2065: 'FLAG_BRICK' : 선언되지 않은 식별자입니다.
     1>c:\users\lenovo\documents\github\the-levers\bakudanbitofinal_j\game\state.cpp(76): error C2065: 'brickList' : 선언되지 않은 식별자입니다.
     1>c:\users\lenovo\documents\github\the-levers\bakudanbitofinal_j\game\state.cpp(76): error C2065: 'brickNumber' : 선언되지 않은 식별자입니다.
     1>c:\users\lenovo\documents\github\the-levers\bakudanbitofinal_j\game\state.cpp(77): error C2065: 'brickNumber' : 선언되지 않은 식별자입니다.
     1>c:\users\lenovo\documents\github\the-levers\bakudanbitofinal_j\game\state.cpp(79): error C2065: 'floorList' : 선언되지 않은 식별자입니다.
     1>c:\users\lenovo\documents\github\the-levers\bakudanbitofinal_j\game\state.cpp(79): error C2065: 'floorNumber' : 선언되지 않은 식별자입니다.
     1>c:\users\lenovo\documents\github\the-levers\bakudanbitofinal_j\game\state.cpp(80): error C2065: 'floorNumber' : 선언되지 않은 식별자입니다.
     1>c:\users\lenovo\documents\github\the-levers\bakudanbitofinal_j\game\state.cpp(86): error C2039: 'mItemPowerNumber' : '`anonymous-namespace'::StageData'의 멤버가 아닙니다.
                 c:\users\lenovo\documents\github\the-levers\bakudanbitofinal_j\game\state.cpp(18) : '`anonymous-namespace'::StageData' 선언을 참조하십시오.
     1>c:\users\lenovo\documents\github\the-levers\bakudanbitofinal_j\game\state.cpp(87): error C2039: 'mItemBombNumber' : '`anonymous-namespace'::StageData'의 멤버가 아닙니다.
                 c:\users\lenovo\documents\github\the-levers\bakudanbitofinal_j\game\state.cpp(18) : '`anonymous-namespace'::StageData' 선언을 참조하십시오.
     1>c:\users\lenovo\documents\github\the-levers\bakudanbitofinal_j\game\state.cpp(90): error C2065: 'brickNumber' : 선언되지 않은 식별자입니다.
     1>c:\users\lenovo\documents\github\the-levers\bakudanbitofinal_j\game\state.cpp(91): error C2065: 'brickList' : 선언되지 않은 식별자입니다.
     1>c:\users\lenovo\documents\github\the-levers\bakudanbitofinal_j\game\state.cpp(92): error C2065: 'brickList' : 선언되지 않은 식별자입니다.
     1>c:\users\lenovo\documents\github\the-levers\bakudanbitofinal_j\game\state.cpp(92): error C2065: 'brickList' : 선언되지 않은 식별자입니다.
     1>c:\users\lenovo\documents\github\the-levers\bakudanbitofinal_j\game\state.cpp(93): error C2065: 'brickList' : 선언되지 않은 식별자입니다.
     1>c:\users\lenovo\documents\github\the-levers\bakudanbitofinal_j\game\state.cpp(95): error C2065: 'brickList' : 선언되지 않은 식별자입니다.
     1>c:\users\lenovo\documents\github\the-levers\bakudanbitofinal_j\game\state.cpp(96): error C2065: 'brickList' : 선언되지 않은 식별자입니다.
     1>c:\users\lenovo\documents\github\the-levers\bakudanbitofinal_j\game\state.cpp(99): error C2039: 'FLAG_ITEM_POWER' : 'StaticObject'의 멤버가 아닙니다.
                 c:\users\lenovo\documents\github\the-levers\bakudanbitofinal_j\game\staticobject.h(7) : 'StaticObject' 선언을 참조하십시오.
     1>c:\users\lenovo\documents\github\the-levers\bakudanbitofinal_j\game\state.cpp(99): error C2065: 'FLAG_ITEM_POWER' : 선언되지 않은 식별자입니다.
     1>c:\users\lenovo\documents\github\the-levers\bakudanbitofinal_j\game\state.cpp(101): error C2039: 'FLAG_ITEM_BOMB' : 'StaticObject'의 멤버가 아닙니다.
                 c:\users\lenovo\documents\github\the-levers\bakudanbitofinal_j\game\staticobject.h(7) : 'StaticObject' 선언을 참조하십시오.
     1>c:\users\lenovo\documents\github\the-levers\bakudanbitofinal_j\game\state.cpp(101): error C2065: 'FLAG_ITEM_BOMB' : 선언되지 않은 식별자입니다.
     1>c:\users\lenovo\documents\github\the-levers\bakudanbitofinal_j\game\state.cpp(104): error C2065: 'brickList' : 선언되지 않은 식별자입니다.
     1>c:\users\lenovo\documents\github\the-levers\bakudanbitofinal_j\game\state.cpp(104): error C2541: 'delete' : 포인터가 아닌 개체를 삭제할 수 없습니다.
     1>c:\users\lenovo\documents\github\the-levers\bakudanbitofinal_j\game\state.cpp(104): error C2065: 'brickList' : 선언되지 않은 식별자입니다.
     1>c:\users\lenovo\documents\github\the-levers\bakudanbitofinal_j\game\state.cpp(107): error C2039: 'mEnemyNumber' : '`anonymous-namespace'::StageData'의 멤버가 아닙니다.
                 c:\users\lenovo\documents\github\the-levers\bakudanbitofinal_j\game\state.cpp(18) : '`anonymous-namespace'::StageData' 선언을 참조하십시오.
     1>c:\users\lenovo\documents\github\the-levers\bakudanbitofinal_j\game\state.cpp(108): error C2065: 'playerNumber' : 선언되지 않은 식별자입니다.
     1>c:\users\lenovo\documents\github\the-levers\bakudanbitofinal_j\game\state.cpp(116): error C2065: 'floorNumber' : 선언되지 않은 식별자입니다.
     1>c:\users\lenovo\documents\github\the-levers\bakudanbitofinal_j\game\state.cpp(117): error C2065: 'floorList' : 선언되지 않은 식별자입니다.
     1>c:\users\lenovo\documents\github\the-levers\bakudanbitofinal_j\game\state.cpp(118): error C2065: 'floorList' : 선언되지 않은 식별자입니다.
     1>c:\users\lenovo\documents\github\the-levers\bakudanbitofinal_j\game\state.cpp(118): error C2065: 'floorList' : 선언되지 않은 식별자입니다.
     1>c:\users\lenovo\documents\github\the-levers\bakudanbitofinal_j\game\state.cpp(119): error C2065: 'floorList' : 선언되지 않은 식별자입니다.
     1>c:\users\lenovo\documents\github\the-levers\bakudanbitofinal_j\game\state.cpp(121): error C2065: 'floorList' : 선언되지 않은 식별자입니다.
     1>c:\users\lenovo\documents\github\the-levers\bakudanbitofinal_j\game\state.cpp(122): error C2065: 'floorList' : 선언되지 않은 식별자입니다.
     1>c:\users\lenovo\documents\github\the-levers\bakudanbitofinal_j\game\state.cpp(123): error C2065: 'playerNumber' : 선언되지 않은 식별자입니다.
     1>c:\users\lenovo\documents\github\the-levers\bakudanbitofinal_j\game\state.cpp(123): error C2228: '.set' 왼쪽에는 클래스/구조체/공용 구조체가 있어야 합니다.
     1>c:\users\lenovo\documents\github\the-levers\bakudanbitofinal_j\game\state.cpp(125): error C2065: 'floorList' : 선언되지 않은 식별자입니다.
     1>c:\users\lenovo\documents\github\the-levers\bakudanbitofinal_j\game\state.cpp(125): error C2541: 'delete' : 포인터가 아닌 개체를 삭제할 수 없습니다.
     1>c:\users\lenovo\documents\github\the-levers\bakudanbitofinal_j\game\state.cpp(125): error C2065: 'floorList' : 선언되지 않은 식별자입니다.
     1>c:\users\lenovo\documents\github\the-levers\bakudanbitofinal_j\game\state.cpp(159): error C2039: 'FLAG_BOMB' : 'StaticObject'의 멤버가 아닙니다.
                 c:\users\lenovo\documents\github\the-levers\bakudanbitofinal_j\game\staticobject.h(7) : 'StaticObject' 선언을 참조하십시오.
     1>c:\users\lenovo\documents\github\the-levers\bakudanbitofinal_j\game\state.cpp(159): error C2065: 'FLAG_BOMB' : 선언되지 않은 식별자입니다.
     1>c:\users\lenovo\documents\github\the-levers\bakudanbitofinal_j\game\state.cpp(161): error C2039: 'mCount' : 'StaticObject'의 멤버가 아닙니다.
                 c:\users\lenovo\documents\github\the-levers\bakudanbitofinal_j\game\staticobject.h(7) : 'StaticObject' 선언을 참조하십시오.
     1>c:\users\lenovo\documents\github\the-levers\bakudanbitofinal_j\game\state.cpp(163): error C2039: 'FLAG_EXPLODING' : 'StaticObject'의 멤버가 아닙니다.
                 c:\users\lenovo\documents\github\the-levers\bakudanbitofinal_j\game\staticobject.h(7) : 'StaticObject' 선언을 참조하십시오.
     1>c:\users\lenovo\documents\github\the-levers\bakudanbitofinal_j\game\state.cpp(163): error C2065: 'FLAG_EXPLODING' : 선언되지 않은 식별자입니다.
     1>c:\users\lenovo\documents\github\the-levers\bakudanbitofinal_j\game\state.cpp(164): error C2039: 'mCount' : 'StaticObject'의 멤버가 아닙니다.
                 c:\users\lenovo\documents\github\the-levers\bakudanbitofinal_j\game\staticobject.h(7) : 'StaticObject' 선언을 참조하십시오.
     1>c:\users\lenovo\documents\github\the-levers\bakudanbitofinal_j\game\state.cpp(164): error C2065: 'EXPLOSION_LIFE' : 선언되지 않은 식별자입니다.
     1>c:\users\lenovo\documents\github\the-levers\bakudanbitofinal_j\game\state.cpp(165): error C2039: 'FLAG_EXPLODING' : 'StaticObject'의 멤버가 아닙니다.
                 c:\users\lenovo\documents\github\the-levers\bakudanbitofinal_j\game\staticobject.h(7) : 'StaticObject' 선언을 참조하십시오.
     1>c:\users\lenovo\documents\github\the-levers\bakudanbitofinal_j\game\state.cpp(165): error C2065: 'FLAG_EXPLODING' : 선언되지 않은 식별자입니다.
     1>c:\users\lenovo\documents\github\the-levers\bakudanbitofinal_j\game\state.cpp(165): error C2039: 'FLAG_BOMB' : 'StaticObject'의 멤버가 아닙니다.
                 c:\users\lenovo\documents\github\the-levers\bakudanbitofinal_j\game\staticobject.h(7) : 'StaticObject' 선언을 참조하십시오.
     1>c:\users\lenovo\documents\github\the-levers\bakudanbitofinal_j\game\state.cpp(165): error C2065: 'FLAG_BOMB' : 선언되지 않은 식별자입니다.
     1>c:\users\lenovo\documents\github\the-levers\bakudanbitofinal_j\game\state.cpp(166): error C2039: 'mCount' : 'StaticObject'의 멤버가 아닙니다.
                 c:\users\lenovo\documents\github\the-levers\bakudanbitofinal_j\game\staticobject.h(7) : 'StaticObject' 선언을 참조하십시오.
     1>c:\users\lenovo\documents\github\the-levers\bakudanbitofinal_j\game\state.cpp(169): error C2039: 'mCount' : 'StaticObject'의 멤버가 아닙니다.
                 c:\users\lenovo\documents\github\the-levers\bakudanbitofinal_j\game\staticobject.h(7) : 'StaticObject' 선언을 참조하십시오.
     1>c:\users\lenovo\documents\github\the-levers\bakudanbitofinal_j\game\state.cpp(169): error C2065: 'EXPLOSION_TIME' : 선언되지 않은 식별자입니다.
     1>c:\users\lenovo\documents\github\the-levers\bakudanbitofinal_j\game\state.cpp(170): error C2039: 'FLAG_EXPLODING' : 'StaticObject'의 멤버가 아닙니다.
                 c:\users\lenovo\documents\github\the-levers\bakudanbitofinal_j\game\staticobject.h(7) : 'StaticObject' 선언을 참조하십시오.
     1>c:\users\lenovo\documents\github\the-levers\bakudanbitofinal_j\game\state.cpp(170): error C2065: 'FLAG_EXPLODING' : 선언되지 않은 식별자입니다.
     1>c:\users\lenovo\documents\github\the-levers\bakudanbitofinal_j\game\state.cpp(171): error C2039: 'mCount' : 'StaticObject'의 멤버가 아닙니다.
                 c:\users\lenovo\documents\github\the-levers\bakudanbitofinal_j\game\staticobject.h(7) : 'StaticObject' 선언을 참조하십시오.
     1>c:\users\lenovo\documents\github\the-levers\bakudanbitofinal_j\game\state.cpp(173): error C2039: 'FLAG_FIRE_X' : 'StaticObject'의 멤버가 아닙니다.
                 c:\users\lenovo\documents\github\the-levers\bakudanbitofinal_j\game\staticobject.h(7) : 'StaticObject' 선언을 참조하십시오.
     1>c:\users\lenovo\documents\github\the-levers\bakudanbitofinal_j\game\state.cpp(173): error C2065: 'FLAG_FIRE_X' : 선언되지 않은 식별자입니다.
     1>c:\users\lenovo\documents\github\the-levers\bakudanbitofinal_j\game\state.cpp(173): error C2039: 'FLAG_FIRE_Y' : 'StaticObject'의 멤버가 아닙니다.
                 c:\users\lenovo\documents\github\the-levers\bakudanbitofinal_j\game\staticobject.h(7) : 'StaticObject' 선언을 참조하십시오.
     1>c:\users\lenovo\documents\github\the-levers\bakudanbitofinal_j\game\state.cpp(173): error C2065: 'FLAG_FIRE_Y' : 선언되지 않은 식별자입니다.
     1>c:\users\lenovo\documents\github\the-levers\bakudanbitofinal_j\game\state.cpp(174): error C2039: 'FLAG_EXPLODING' : 'StaticObject'의 멤버가 아닙니다.
                 c:\users\lenovo\documents\github\the-levers\bakudanbitofinal_j\game\staticobject.h(7) : 'StaticObject' 선언을 참조하십시오.
     1>c:\users\lenovo\documents\github\the-levers\bakudanbitofinal_j\game\state.cpp(174): error C2065: 'FLAG_EXPLODING' : 선언되지 않은 식별자입니다.
     1>c:\users\lenovo\documents\github\the-levers\bakudanbitofinal_j\game\state.cpp(175): error C2039: 'mCount' : 'StaticObject'의 멤버가 아닙니다.
                 c:\users\lenovo\documents\github\the-levers\bakudanbitofinal_j\game\staticobject.h(7) : 'StaticObject' 선언을 참조하십시오.
     1>c:\users\lenovo\documents\github\the-levers\bakudanbitofinal_j\game\state.cpp(179): error C2039: 'FLAG_BRICK' : 'StaticObject'의 멤버가 아닙니다.
                 c:\users\lenovo\documents\github\the-levers\bakudanbitofinal_j\game\staticobject.h(7) : 'StaticObject' 선언을 참조하십시오.
     1>c:\users\lenovo\documents\github\the-levers\bakudanbitofinal_j\game\state.cpp(179): error C2065: 'FLAG_BRICK' : 선언되지 않은 식별자입니다.
     1>c:\users\lenovo\documents\github\the-levers\bakudanbitofinal_j\game\state.cpp(180): error C2039: 'FLAG_FIRE_X' : 'StaticObject'의 멤버가 아닙니다.
                 c:\users\lenovo\documents\github\the-levers\bakudanbitofinal_j\game\staticobject.h(7) : 'StaticObject' 선언을 참조하십시오.
     1>c:\users\lenovo\documents\github\the-levers\bakudanbitofinal_j\game\state.cpp(180): error C2065: 'FLAG_FIRE_X' : 선언되지 않은 식별자입니다.
     1>c:\users\lenovo\documents\github\the-levers\bakudanbitofinal_j\game\state.cpp(180): error C2039: 'FLAG_FIRE_Y' : 'StaticObject'의 멤버가 아닙니다.
                 c:\users\lenovo\documents\github\the-levers\bakudanbitofinal_j\game\staticobject.h(7) : 'StaticObject' 선언을 참조하십시오.
     1>c:\users\lenovo\documents\github\the-levers\bakudanbitofinal_j\game\state.cpp(180): error C2065: 'FLAG_FIRE_Y' : 선언되지 않은 식별자입니다.
     1>c:\users\lenovo\documents\github\the-levers\bakudanbitofinal_j\game\state.cpp(181): error C2039: 'mCount' : 'StaticObject'의 멤버가 아닙니다.
                 c:\users\lenovo\documents\github\the-levers\bakudanbitofinal_j\game\staticobject.h(7) : 'StaticObject' 선언을 참조하십시오.
     1>c:\users\lenovo\documents\github\the-levers\bakudanbitofinal_j\game\state.cpp(182): error C2039: 'mCount' : 'StaticObject'의 멤버가 아닙니다.
                 c:\users\lenovo\documents\github\the-levers\bakudanbitofinal_j\game\staticobject.h(7) : 'StaticObject' 선언을 참조하십시오.
     1>c:\users\lenovo\documents\github\the-levers\bakudanbitofinal_j\game\state.cpp(182): error C2065: 'EXPLOSION_LIFE' : 선언되지 않은 식별자입니다.
     1>c:\users\lenovo\documents\github\the-levers\bakudanbitofinal_j\game\state.cpp(183): error C2039: 'mCount' : 'StaticObject'의 멤버가 아닙니다.
                 c:\users\lenovo\documents\github\the-levers\bakudanbitofinal_j\game\staticobject.h(7) : 'StaticObject' 선언을 참조하십시오.
     1>c:\users\lenovo\documents\github\the-levers\bakudanbitofinal_j\game\state.cpp(184): error C2039: 'FLAG_BRICK' : 'StaticObject'의 멤버가 아닙니다.
                 c:\users\lenovo\documents\github\the-levers\bakudanbitofinal_j\game\staticobject.h(7) : 'StaticObject' 선언을 참조하십시오.
     1>c:\users\lenovo\documents\github\the-levers\bakudanbitofinal_j\game\state.cpp(184): error C2065: 'FLAG_BRICK' : 선언되지 않은 식별자입니다.
     1>c:\users\lenovo\documents\github\the-levers\bakudanbitofinal_j\game\state.cpp(189): error C2039: 'FLAG_FIRE_X' : 'StaticObject'의 멤버가 아닙니다.
                 c:\users\lenovo\documents\github\the-levers\bakudanbitofinal_j\game\staticobject.h(7) : 'StaticObject' 선언을 참조하십시오.
     1>c:\users\lenovo\documents\github\the-levers\bakudanbitofinal_j\game\state.cpp(189): error C2065: 'FLAG_FIRE_X' : 선언되지 않은 식별자입니다.
     1>c:\users\lenovo\documents\github\the-levers\bakudanbitofinal_j\game\state.cpp(189): error C2039: 'FLAG_FIRE_Y' : 'StaticObject'의 멤버가 아닙니다.
                 c:\users\lenovo\documents\github\the-levers\bakudanbitofinal_j\game\staticobject.h(7) : 'StaticObject' 선언을 참조하십시오.
     1>c:\users\lenovo\documents\github\the-levers\bakudanbitofinal_j\game\state.cpp(189): error C2065: 'FLAG_FIRE_Y' : 선언되지 않은 식별자입니다.
     1>c:\users\lenovo\documents\github\the-levers\bakudanbitofinal_j\game\state.cpp(197): error C2039: 'FLAG_EXPLODING' : 'StaticObject'의 멤버가 아닙니다.
                 c:\users\lenovo\documents\github\the-levers\bakudanbitofinal_j\game\staticobject.h(7) : 'StaticObject' 선언을 참조하십시오.
     1>c:\users\lenovo\documents\github\the-levers\bakudanbitofinal_j\game\state.cpp(197): error C2065: 'FLAG_EXPLODING' : 선언되지 않은 식별자입니다.
     1>c:\users\lenovo\documents\github\the-levers\bakudanbitofinal_j\game\state.cpp(198): error C3861: 'setFire': 식별자를 찾을 수 없습니다.
     1>c:\users\lenovo\documents\github\the-levers\bakudanbitofinal_j\game\state.cpp(209): error C2039: 'FLAG_BOMB' : 'StaticObject'의 멤버가 아닙니다.
                 c:\users\lenovo\documents\github\the-levers\bakudanbitofinal_j\game\staticobject.h(7) : 'StaticObject' 선언을 참조하십시오.
     1>c:\users\lenovo\documents\github\the-levers\bakudanbitofinal_j\game\state.cpp(209): error C2065: 'FLAG_BOMB' : 선언되지 않은 식별자입니다.
     1>c:\users\lenovo\documents\github\the-levers\bakudanbitofinal_j\game\state.cpp(210): error C2039: 'mBombOwner' : 'StaticObject'의 멤버가 아닙니다.
                 c:\users\lenovo\documents\github\the-levers\bakudanbitofinal_j\game\staticobject.h(7) : 'StaticObject' 선언을 참조하십시오.
     1>c:\users\lenovo\documents\github\the-levers\bakudanbitofinal_j\game\state.cpp(210): error C2227: '->mPlayerID' 왼쪽은 클래스/구조체/공용 구조체/제네릭 형식을 가리켜야 합니다.
     1>c:\users\lenovo\documents\github\the-levers\bakudanbitofinal_j\game\state.cpp(222): error C2039: 'mLastBombX' : 'DynamicObject'의 멤버가 아닙니다.
                 c:\users\lenovo\documents\github\the-levers\bakudanbitofinal_j\game\dynamicobject.h(7) : 'DynamicObject' 선언을 참조하십시오.
     1>c:\users\lenovo\documents\github\the-levers\bakudanbitofinal_j\game\state.cpp(223): error C2039: 'mLastBombX' : 'DynamicObject'의 멤버가 아닙니다.
                 c:\users\lenovo\documents\github\the-levers\bakudanbitofinal_j\game\dynamicobject.h(7) : 'DynamicObject' 선언을 참조하십시오.
     1>c:\users\lenovo\documents\github\the-levers\bakudanbitofinal_j\game\state.cpp(223): error C2039: 'mLastBombY' : 'DynamicObject'의 멤버가 아닙니다.
                 c:\users\lenovo\documents\github\the-levers\bakudanbitofinal_j\game\dynamicobject.h(7) : 'DynamicObject' 선언을 참조하십시오.
     1>c:\users\lenovo\documents\github\the-levers\bakudanbitofinal_j\game\state.cpp(224): error C2039: 'mLastBombX' : 'DynamicObject'의 멤버가 아닙니다.
                 c:\users\lenovo\documents\github\the-levers\bakudanbitofinal_j\game\dynamicobject.h(7) : 'DynamicObject' 선언을 참조하십시오.
     1>c:\users\lenovo\documents\github\the-levers\bakudanbitofinal_j\game\state.cpp(224): error C2039: 'mLastBombY' : 'DynamicObject'의 멤버가 아닙니다.
                 c:\users\lenovo\documents\github\the-levers\bakudanbitofinal_j\game\dynamicobject.h(7) : 'DynamicObject' 선언을 참조하십시오.
     1>c:\users\lenovo\documents\github\the-levers\bakudanbitofinal_j\game\state.cpp(240): error C2039: 'FLAG_WALL' : 'StaticObject'의 멤버가 아닙니다.
                 c:\users\lenovo\documents\github\the-levers\bakudanbitofinal_j\game\staticobject.h(7) : 'StaticObject' 선언을 참조하십시오.
     1>c:\users\lenovo\documents\github\the-levers\bakudanbitofinal_j\game\state.cpp(240): error C2065: 'FLAG_WALL' : 선언되지 않은 식별자입니다.
     1>c:\users\lenovo\documents\github\the-levers\bakudanbitofinal_j\game\state.cpp(240): error C2039: 'FLAG_BRICK' : 'StaticObject'의 멤버가 아닙니다.
                 c:\users\lenovo\documents\github\the-levers\bakudanbitofinal_j\game\staticobject.h(7) : 'StaticObject' 선언을 참조하십시오.
     1>c:\users\lenovo\documents\github\the-levers\bakudanbitofinal_j\game\state.cpp(240): error C2065: 'FLAG_BRICK' : 선언되지 않은 식별자입니다.
     1>c:\users\lenovo\documents\github\the-levers\bakudanbitofinal_j\game\state.cpp(240): error C2039: 'FLAG_BOMB' : 'StaticObject'의 멤버가 아닙니다.
                 c:\users\lenovo\documents\github\the-levers\bakudanbitofinal_j\game\staticobject.h(7) : 'StaticObject' 선언을 참조하십시오.
     1>c:\users\lenovo\documents\github\the-levers\bakudanbitofinal_j\game\state.cpp(240): error C2065: 'FLAG_BOMB' : 선언되지 않은 식별자입니다.
     1>c:\users\lenovo\documents\github\the-levers\bakudanbitofinal_j\game\state.cpp(241): error C2039: 'mLastBombX' : 'DynamicObject'의 멤버가 아닙니다.
                 c:\users\lenovo\documents\github\the-levers\bakudanbitofinal_j\game\dynamicobject.h(7) : 'DynamicObject' 선언을 참조하십시오.
     1>c:\users\lenovo\documents\github\the-levers\bakudanbitofinal_j\game\state.cpp(241): error C2039: 'mLastBombY' : 'DynamicObject'의 멤버가 아닙니다.
                 c:\users\lenovo\documents\github\the-levers\bakudanbitofinal_j\game\dynamicobject.h(7) : 'DynamicObject' 선언을 참조하십시오.
     1>c:\users\lenovo\documents\github\the-levers\bakudanbitofinal_j\game\state.cpp(242): error C2039: 'mLastBombX' : 'DynamicObject'의 멤버가 아닙니다.
                 c:\users\lenovo\documents\github\the-levers\bakudanbitofinal_j\game\dynamicobject.h(7) : 'DynamicObject' 선언을 참조하십시오.
     1>c:\users\lenovo\documents\github\the-levers\bakudanbitofinal_j\game\state.cpp(242): error C2039: 'mLastBombY' : 'DynamicObject'의 멤버가 아닙니다.
                 c:\users\lenovo\documents\github\the-levers\bakudanbitofinal_j\game\dynamicobject.h(7) : 'DynamicObject' 선언을 참조하십시오.
     1>c:\users\lenovo\documents\github\the-levers\bakudanbitofinal_j\game\state.cpp(242): fatal error C1003: 오류 수가 100개를 초과했습니다. 컴파일을 중지합니다.
         DynamicObject.cpp
     1>c:\users\lenovo\documents\gamelib2010\gamelib\3dgraphics1\include\gamelib\gamelib.h : warning C4819: 현재 코드 페이지(949)에서 표시할 수 없는 문자가 파일에 들어 있습니다. 데이터가 손실되지 않게 하려면 해당 파일을 유니코드 형식으로 저장하십시오.
     1>c:\users\lenovo\documents\gamelib2010\gamelib\3dgraphics1\include\gamelib\framework.h : warning C4819: 현재 코드 페이지(949)에서 표시할 수 없는 문자가 파일에 들어 있습니다. 데이터가 손실되지 않게 하려면 해당 파일을 유니코드 형식으로 저장하십시오.
     1>c:\users\lenovo\documents\gamelib2010\gamelib\3dgraphics1\include\gamelib\gamelib.h : warning C4819: 현재 코드 페이지(949)에서 표시할 수 없는 문자가 파일에 들어 있습니다. 데이터가 손실되지 않게 하려면 해당 파일을 유니코드 형식으로 저장하십시오.
         코드를 생성하고 있습니다...
     1>"C:\Users\LENOVO\Documents\GitHub\The-Levers\BakudanBitoFinal_J\BakudanBitoFinal.vcxproj" 프로젝트를 빌드했습니다(build 대상). - 실패

빌드하지 못했습니다.

경과 시간: 00:00:04.58
