D:\THE_LERVERS_PROJ\DEBUG\THE LERVERS.EXE
D:\THE_LERVERS_PROJ\DEBUG\THE LERVERS.ILK
D:\THE_LERVERS_PROJ\DEBUG\THE LERVERS.PDB
D:\The_Lervers_proj\The Lervers\Debug\cl.command.1.tlog
D:\The_Lervers_proj\The Lervers\Debug\CL.read.1.tlog
D:\The_Lervers_proj\The Lervers\Debug\CL.write.1.tlog
D:\THE_LERVERS_PROJ\THE LERVERS\DEBUG\FILE.OBJ
D:\THE_LERVERS_PROJ\THE LERVERS\DEBUG\GAMECONTENTS\DYNAMICOBJECT.OBJ
D:\THE_LERVERS_PROJ\THE LERVERS\DEBUG\GAMECONTENTS\STATE.OBJ
D:\THE_LERVERS_PROJ\THE LERVERS\DEBUG\GAMECONTENTS\STATICOBJECT.OBJ
D:\THE_LERVERS_PROJ\THE LERVERS\DEBUG\IMAGE.OBJ
D:\The_Lervers_proj\The Lervers\Debug\link.4604.read.1.tlog
D:\The_Lervers_proj\The Lervers\Debug\link.4604.write.1.tlog
D:\The_Lervers_proj\The Lervers\Debug\link.4604-cvtres.read.1.tlog
D:\The_Lervers_proj\The Lervers\Debug\link.4604-cvtres.write.1.tlog
D:\The_Lervers_proj\The Lervers\Debug\link.command.1.tlog
D:\The_Lervers_proj\The Lervers\Debug\link.read.1.tlog
D:\The_Lervers_proj\The Lervers\Debug\link.write.1.tlog
D:\The_Lervers_proj\The Lervers\Debug\link-cvtres.read.1.tlog
D:\The_Lervers_proj\The Lervers\Debug\link-cvtres.write.1.tlog
D:\THE_LERVERS_PROJ\THE LERVERS\DEBUG\MAIN.OBJ
D:\THE_LERVERS_PROJ\THE LERVERS\DEBUG\MATRIX23.OBJ
D:\The_Lervers_proj\The Lervers\Debug\mt.command.1.tlog
D:\The_Lervers_proj\The Lervers\Debug\mt.read.1.tlog
D:\The_Lervers_proj\The Lervers\Debug\mt.write.1.tlog
D:\THE_LERVERS_PROJ\THE LERVERS\DEBUG\PAD.OBJ
D:\The_Lervers_proj\The Lervers\Debug\rc.command.1.tlog
D:\The_Lervers_proj\The Lervers\Debug\rc.read.1.tlog
D:\The_Lervers_proj\The Lervers\Debug\rc.write.1.tlog
D:\THE_LERVERS_PROJ\THE LERVERS\DEBUG\SEQUENCE\ENDING.OBJ
D:\THE_LERVERS_PROJ\THE LERVERS\DEBUG\SEQUENCE\GAME\CLEAR.OBJ
D:\THE_LERVERS_PROJ\THE LERVERS\DEBUG\SEQUENCE\GAME\FAILURE.OBJ
D:\THE_LERVERS_PROJ\THE LERVERS\DEBUG\SEQUENCE\GAME\PARENT.OBJ
D:\THE_LERVERS_PROJ\THE LERVERS\DEBUG\SEQUENCE\GAME\PAUSE.OBJ
D:\THE_LERVERS_PROJ\THE LERVERS\DEBUG\SEQUENCE\GAME\PLAY.OBJ
D:\THE_LERVERS_PROJ\THE LERVERS\DEBUG\SEQUENCE\GAME\READY.OBJ
D:\THE_LERVERS_PROJ\THE LERVERS\DEBUG\SEQUENCE\GAMEOVER.OBJ
D:\THE_LERVERS_PROJ\THE LERVERS\DEBUG\SEQUENCE\PARENT.OBJ
D:\THE_LERVERS_PROJ\THE LERVERS\DEBUG\SEQUENCE\TITLE.OBJ
D:\THE_LERVERS_PROJ\THE LERVERS\DEBUG\SOUNDMANAGER.OBJ
D:\THE_LERVERS_PROJ\THE LERVERS\DEBUG\THE LERVERS.EXE.EMBED.MANIFEST
D:\THE_LERVERS_PROJ\THE LERVERS\DEBUG\THE LERVERS.EXE.EMBED.MANIFEST.RES
D:\THE_LERVERS_PROJ\THE LERVERS\DEBUG\THE LERVERS.EXE.INTERMEDIATE.MANIFEST
D:\The_Lervers_proj\The Lervers\Debug\The Lervers.write.1.tlog
D:\The_Lervers_proj\The Lervers\Debug\The Lervers_manifest.rc
D:\The_Lervers_proj\The Lervers\Debug\vc100.idb
D:\THE_LERVERS_PROJ\THE LERVERS\DEBUG\VC100.PDB
D:\THE_LERVERS_PROJ\THE LERVERS\DEBUG\VECTOR2.OBJ
