빌드 시작: 2014-12-14 오후 6:19:07
     1>2 노드의 "C:\Users\LENOVO\Documents\GameLib2010\GameLib\src\NonFree\BakudanBitoFinal\BakudanBitoFinal.vcxproj" 프로젝트(build 대상)입니다.
     1>InitializeBuildStatus:
         "Debug\BakudanBitoFinal.unsuccessfulbuild"에 연결(touching)하고 있습니다.
       ClCompile:
         c:\Program Files (x86)\Microsoft Visual Studio 10.0\VC\bin\CL.exe /c /IC:\Users\LENOVO\Documents\GameLib2010\GameLib\3DGraphics1\include /IC:\Users\LENOVO\Documents\GameLib2010\GameLib\src\NonFree\BakudanBitoFinal\ /ZI /nologo /W4 /WX- /Od /Oy- /D WIN32 /D _DEBUG /D _WINDOWS /D _UNICODE /D UNICODE /Gm /EHsc /RTC1 /MTd /GS /fp:precise /Zc:wchar_t /Zc:forScope /Fo"Debug\\" /Fd"Debug\vc100.pdb" /Gd /TP /analyze- /errorReport:prompt Game\State.cpp
         State.cpp
     1>c:\users\lenovo\documents\gamelib2010\gamelib\3dgraphics1\include\gamelib\framework.h : warning C4819: 현재 코드 페이지(949)에서 표시할 수 없는 문자가 파일에 들어 있습니다. 데이터가 손실되지 않게 하려면 해당 파일을 유니코드 형식으로 저장하십시오.
     1>c:\users\lenovo\documents\gamelib2010\gamelib\src\nonfree\bakudanbitofinal\array2d.h : warning C4819: 현재 코드 페이지(949)에서 표시할 수 없는 문자가 파일에 들어 있습니다. 데이터가 손실되지 않게 하려면 해당 파일을 유니코드 형식으로 저장하십시오.
     1>c:\users\lenovo\documents\gamelib2010\gamelib\3dgraphics1\include\gamelib\sound\wave.h : warning C4819: 현재 코드 페이지(949)에서 표시할 수 없는 문자가 파일에 들어 있습니다. 데이터가 손실되지 않게 하려면 해당 파일을 유니코드 형식으로 저장하십시오.
     1>c:\users\lenovo\documents\gamelib2010\gamelib\3dgraphics1\include\gamelib\sound\player.h : warning C4819: 현재 코드 페이지(949)에서 표시할 수 없는 문자가 파일에 들어 있습니다. 데이터가 손실되지 않게 하려면 해당 파일을 유니코드 형식으로 저장하십시오.
     1>c:\users\lenovo\documents\gamelib2010\gamelib\src\nonfree\bakudanbitofinal\game\state.cpp(52): warning C4804: '<' : 연산에 'bool' 형식을 사용하는 것은 안전하지 않습니다.
     1>c:\users\lenovo\documents\gamelib2010\gamelib\src\nonfree\bakudanbitofinal\game\state.cpp(70): warning C4804: '<' : 연산에 'bool' 형식을 사용하는 것은 안전하지 않습니다.
     1>c:\users\lenovo\documents\gamelib2010\gamelib\src\nonfree\bakudanbitofinal\game\state.cpp(345): warning C4702: 접근할 수 없는 코드입니다.
     1>c:\users\lenovo\documents\gamelib2010\gamelib\src\nonfree\bakudanbitofinal\game\state.cpp(357): warning C4715: 'State::hasCleared' : 모든 제어 경로에서 값을 반환하지는 않습니다.
         모든 출력이 최신 상태입니다.
       ManifestResourceCompile:
         모든 출력이 최신 상태입니다.
       Link:
         c:\Program Files (x86)\Microsoft Visual Studio 10.0\VC\bin\link.exe /ERRORREPORT:PROMPT /OUT:"C:\Users\LENOVO\Documents\GameLib2010\GameLib\src\NonFree\Debug\BakudanBitoFinal.exe" /INCREMENTAL /NOLOGO /LIBPATH:C:\Users\LENOVO\Documents\GameLib2010\GameLib\3DGraphics1\lib GameLib_d.lib kernel32.lib user32.lib gdi32.lib winspool.lib comdlg32.lib advapi32.lib shell32.lib ole32.lib oleaut32.lib uuid.lib odbc32.lib odbccp32.lib /MANIFEST /ManifestFile:"Debug\BakudanBitoFinal.exe.intermediate.manifest" /MANIFESTUAC:"level='asInvoker' uiAccess='false'" /DEBUG /PDB:"C:\Users\LENOVO\Documents\GameLib2010\GameLib\src\NonFree\Debug\BakudanBitoFinal.pdb" /SUBSYSTEM:WINDOWS /TLBID:1 /DYNAMICBASE /NXCOMPAT /IMPLIB:"C:\Users\LENOVO\Documents\GameLib2010\GameLib\src\NonFree\Debug\BakudanBitoFinal.lib" /MACHINE:X86 Debug\BakudanBitoFinal.exe.embed.manifest.res
         Debug\DynamicObject.obj
         Debug\State.obj
         Debug\StaticObject.obj
         Debug\Ending.obj
         Debug\GameOver.obj
         Debug\Parent.obj
         Debug\Title.obj
         Debug\Clear.obj
         Debug\Pause.obj
         Debug\Play.obj
         Debug\Ready.obj
         Debug\File.obj
         Debug\Image.obj
         Debug\main.obj
         Debug\Matrix23.obj
         Debug\Pad.obj
         Debug\SoundManager.obj
         Debug\Vector2.obj
         Debug\Parent1.obj
       Manifest:
         C:\Program Files (x86)\Microsoft SDKs\Windows\v7.0A\bin\mt.exe /nologo /verbose /out:"Debug\BakudanBitoFinal.exe.embed.manifest" /manifest Debug\BakudanBitoFinal.exe.intermediate.manifest
         모든 출력이 최신 상태입니다.
       LinkEmbedManifest:
         모든 출력이 최신 상태입니다.
         BakudanBitoFinal.vcxproj -> C:\Users\LENOVO\Documents\GameLib2010\GameLib\src\NonFree\Debug\BakudanBitoFinal.exe
       FinalizeBuildStatus:
         "Debug\BakudanBitoFinal.unsuccessfulbuild" 파일을 삭제하고 있습니다.
         "Debug\BakudanBitoFinal.lastbuildstate"에 연결(touching)하고 있습니다.
     1>"C:\Users\LENOVO\Documents\GameLib2010\GameLib\src\NonFree\BakudanBitoFinal\BakudanBitoFinal.vcxproj" 프로젝트를 빌드했습니다(build 대상).

빌드했습니다.

경과 시간: 00:00:00.73
